Building DAG of jobs...
Using shell: /usr/bin/bash
Provided cores: 2
Rules claiming more threads will be scaled down.
Job stats:
job                     count    min threads    max threads
--------------------  -------  -------------  -------------
all                         1              1              1
generate_diag_table         1              1              1
generate_naive_table        1              1              1
generate_report             1              1              1
total                       4              1              1

Select jobs to execute...

[Sat Jan 15 13:41:11 2022]
rule generate_naive_table:
    output: tables/erdNavTab.txt
    jobid: 2
    resources: tmpdir=/tmp

[Sat Jan 15 13:41:11 2022]
rule generate_diag_table:
    output: tables/erdDiaTab.txt
    jobid: 3
    resources: tmpdir=/tmp

[Sat Jan 15 13:41:12 2022]
Error in rule generate_diag_table:
    jobid: 3
    output: tables/erdDiaTab.txt

RuleException:
CalledProcessError in line 9 of /home/tjonmundsson/Documents/lvf601m/assignments/assign1/Snakefile:
Command 'set -euo pipefail;  Rscript --vanilla /home/tjonmundsson/Documents/lvf601m/assignments/assign1/.snakemake/scripts/tmp4c6_tmp4.erdosRenyiDiag.R' returned non-zero exit status 1.
  File "/home/tjonmundsson/Documents/lvf601m/assignments/assign1/Snakefile", line 9, in __rule_generate_diag_table
  File "/home/tjonmundsson/mambaforge/lib/python3.9/concurrent/futures/thread.py", line 52, in run
[Sat Jan 15 13:41:22 2022]
Error in rule generate_naive_table:
    jobid: 2
    output: tables/erdNavTab.txt

RuleException:
CalledProcessError in line 15 of /home/tjonmundsson/Documents/lvf601m/assignments/assign1/Snakefile:
Command 'set -euo pipefail;  Rscript --vanilla /home/tjonmundsson/Documents/lvf601m/assignments/assign1/.snakemake/scripts/tmphvqebma4.erdosRenyiNaive.R' returned non-zero exit status 1.
  File "/home/tjonmundsson/Documents/lvf601m/assignments/assign1/Snakefile", line 15, in __rule_generate_naive_table
  File "/home/tjonmundsson/mambaforge/lib/python3.9/concurrent/futures/thread.py", line 52, in run
Shutting down, this might take some time.
Exiting because a job execution failed. Look above for error message
Complete log: /home/tjonmundsson/Documents/lvf601m/assignments/assign1/.snakemake/log/2022-01-15T134111.799604.snakemake.log
