Building DAG of jobs...
Using shell: /usr/bin/bash
Provided cores: 1 (use --cores to define parallelism)
Rules claiming more threads will be scaled down.
Job stats:
job                count    min threads    max threads
---------------  -------  -------------  -------------
all                    1              1              1
generate_report        1              1              1
total                  2              1              1

Select jobs to execute...

[Sat Jan 15 13:34:14 2022]
rule generate_report:
    input: report/lvf601_assignment_1.Rmd
    output: report/lvf601_assignment_1.pdf
    jobid: 1
    resources: tmpdir=/tmp

[Sat Jan 15 13:34:16 2022]
Error in rule generate_report:
    jobid: 1
    output: report/lvf601_assignment_1.pdf
    shell:
        Rscript -e "rmarkdown::render('report/lvf601_assignment_1.Rmd')"
        (one of the commands exited with non-zero exit code; note that snakemake uses bash strict mode!)

Shutting down, this might take some time.
Exiting because a job execution failed. Look above for error message
Complete log: /home/tjonmundsson/Documents/lvf601m/assignments/assign1/.snakemake/log/2022-01-15T133414.925009.snakemake.log
