Building DAG of jobs...
Using shell: /usr/bin/bash
Provided cores: 2
Rules claiming more threads will be scaled down.
Job stats:
job                     count    min threads    max threads
--------------------  -------  -------------  -------------
all                         1              1              1
generate_diag_table         1              1              1
generate_naive_table        1              1              1
generate_report             1              1              1
total                       4              1              1

Select jobs to execute...

[Sat Jan 15 13:49:17 2022]
rule generate_naive_table:
    output: tables/erdNavTab.txt
    jobid: 2
    resources: tmpdir=/tmp


[Sat Jan 15 13:49:17 2022]
rule generate_diag_table:
    output: tables/erdDiaTab.txt
    jobid: 3
    resources: tmpdir=/tmp

[Sat Jan 15 13:49:19 2022]
Finished job 3.
1 of 4 steps (25%) done
[Sat Jan 15 13:49:32 2022]
Finished job 2.
2 of 4 steps (50%) done
Select jobs to execute...

[Sat Jan 15 13:49:32 2022]
rule generate_report:
    input: report/lvf601_assignment_1.Rmd, tables/erdNavTab.txt, tables/erdDiaTab.txt
    output: report/lvf601_assignment_1.pdf
    jobid: 1
    resources: tmpdir=/tmp

[Sat Jan 15 13:49:34 2022]
Finished job 1.
3 of 4 steps (75%) done
Select jobs to execute...

[Sat Jan 15 13:49:34 2022]
localrule all:
    input: report/lvf601_assignment_1.pdf
    jobid: 0
    resources: tmpdir=/tmp

[Sat Jan 15 13:49:34 2022]
Finished job 0.
4 of 4 steps (100%) done
Complete log: /home/tjonmundsson/Documents/lvf601m/assignments/assign1/.snakemake/log/2022-01-15T134917.664758.snakemake.log
