Building DAG of jobs...
Using shell: /usr/bin/bash
Provided cores: 1 (use --cores to define parallelism)
Rules claiming more threads will be scaled down.
Job stats:
job                count    min threads    max threads
---------------  -------  -------------  -------------
generate_tables        1              1              1
total                  1              1              1

Select jobs to execute...

[Sat Jan 15 13:12:51 2022]
rule generate_tables:
    input: scripts/erdosRenyiDiag.R
    output: tables/erdDiaTab.txt
    jobid: 0
    resources: tmpdir=/tmp

[Sat Jan 15 13:12:52 2022]
Finished job 0.
1 of 1 steps (100%) done
Complete log: /home/tjonmundsson/Documents/lvf601m/assignments/assign1/.snakemake/log/2022-01-15T131251.401609.snakemake.log
