Building DAG of jobs...
Using shell: /usr/bin/bash
Provided cores: 1 (use --cores to define parallelism)
Rules claiming more threads will be scaled down.
Job stats:
job          count    min threads    max threads
---------  -------  -------------  -------------
all              1              1              1
phasePlot        1              1              1
total            2              1              1

Select jobs to execute...

[Sat Jan 22 11:19:51 2022]
rule phasePlot:
    output: img/phasePlot.png
    jobid: 1
    resources: tmpdir=/tmp

[Sat Jan 22 11:19:51 2022]
Error in rule phasePlot:
    jobid: 1
    output: img/phasePlot.png

RuleException:
CalledProcessError in line 9 of /home/tjonmundsson/Documents/lvf601m/assignments/assign2/Snakefile:
Command 'set -euo pipefail;  /home/tjonmundsson/mambaforge/bin/python3.9 /home/tjonmundsson/Documents/lvf601m/assignments/assign2/.snakemake/scripts/tmpmu3wm1dw.phasePlot.py' returned non-zero exit status 1.
  File "/home/tjonmundsson/Documents/lvf601m/assignments/assign2/Snakefile", line 9, in __rule_phasePlot
  File "/home/tjonmundsson/mambaforge/lib/python3.9/concurrent/futures/thread.py", line 52, in run
Shutting down, this might take some time.
Exiting because a job execution failed. Look above for error message
Complete log: /home/tjonmundsson/Documents/lvf601m/assignments/assign2/.snakemake/log/2022-01-22T111951.413218.snakemake.log
