Building DAG of jobs...
Using shell: /usr/bin/bash
Provided cores: 1 (use --cores to define parallelism)
Rules claiming more threads will be scaled down.
Job stats:
job          count    min threads    max threads
---------  -------  -------------  -------------
all              1              1              1
phasePlot        1              1              1
total            2              1              1

Select jobs to execute...

[Sat Jan 22 11:22:29 2022]
rule phasePlot:
    output: img/phasePlot.png
    jobid: 1
    resources: tmpdir=/tmp

[Sat Jan 22 11:22:30 2022]
Finished job 1.
1 of 2 steps (50%) done
Select jobs to execute...

[Sat Jan 22 11:22:30 2022]
localrule all:
    input: img/phasePlot.png
    jobid: 0
    resources: tmpdir=/tmp

[Sat Jan 22 11:22:30 2022]
Finished job 0.
2 of 2 steps (100%) done
Complete log: /home/tjonmundsson/Documents/lvf601m/assignments/assign2/.snakemake/log/2022-01-22T112229.596430.snakemake.log
